<?xml version="1.0" encoding="UTF-8"?>
<testng-results ignored="0" total="1" passed="1" failed="0" skipped="0">
  <reporter-output>
  </reporter-output>
  <suite started-at="2025-12-10T18:21:22 IST" name="Default suite" finished-at="2025-12-10T18:21:22 IST" duration-ms="59">
    <groups>
    </groups>
    <test started-at="2025-12-10T18:21:22 IST" name="Default test" finished-at="2025-12-10T18:21:22 IST" duration-ms="59">
      <class name="Inheritance.Adv2">
        <test-method is-config="true" signature="BF()[pri:0, instance:Inheritance.Adv2@1c93084c]" started-at="2025-12-10T18:21:22 IST" name="BF" finished-at="2025-12-10T18:21:22 IST" duration-ms="7" status="PASS">
          <reporter-output>
          </reporter-output>
        </test-method> <!-- BF -->
        <test-method signature="testRun()[pri:0, instance:Inheritance.Adv2@1c93084c]" started-at="2025-12-10T18:21:22 IST" name="testRun" finished-at="2025-12-10T18:21:22 IST" duration-ms="11" status="PASS">
          <reporter-output>
          </reporter-output>
        </test-method> <!-- testRun -->
      </class> <!-- Inheritance.Adv2 -->
    </test> <!-- Default test -->
  </suite> <!-- Default suite -->
</testng-results>
