<?xml version="1.0" encoding="UTF-8"?>
<testng-results ignored="0" total="2" passed="2" failed="0" skipped="0">
  <reporter-output>
  </reporter-output>
  <suite started-at="2025-12-31T04:01:46 IST" name="Loan Department" finished-at="2025-12-31T04:01:46 IST" duration-ms="110">
    <groups>
    </groups>
    <test started-at="2025-12-31T04:01:46 IST" name="GLobal Parameter" finished-at="2025-12-31T04:01:46 IST" duration-ms="47">
      <class name="Test2.Parameter">
        <test-method signature="Weblogincarloan(java.lang.String)[pri:0, instance:Test2.Parameter@1184ab05]" started-at="2025-12-31T04:01:46 IST" name="Weblogincarloan" finished-at="2025-12-31T04:01:46 IST" duration-ms="10" status="PASS">
          <params>
            <param index="0">
              <value>
                <![CDATA[qaclickacademy.com]]>
              </value>
            </param>
          </params>
          <reporter-output>
          </reporter-output>
        </test-method> <!-- Weblogincarloan -->
      </class> <!-- Test2.Parameter -->
    </test> <!-- GLobal Parameter -->
    <test started-at="2025-12-31T04:01:46 IST" name="Local Parameter" finished-at="2025-12-31T04:01:46 IST" duration-ms="5">
      <class name="Test2.Parameter2">
        <test-method signature="Weblogincarloan(java.lang.String)[pri:0, instance:Test2.Parameter2@481a996b]" started-at="2025-12-31T04:01:46 IST" name="Weblogincarloan" finished-at="2025-12-31T04:01:46 IST" duration-ms="1" status="PASS">
          <params>
            <param index="0">
              <value>
                <![CDATA[PersonalTest.com]]>
              </value>
            </param>
          </params>
          <reporter-output>
          </reporter-output>
        </test-method> <!-- Weblogincarloan -->
      </class> <!-- Test2.Parameter2 -->
    </test> <!-- Local Parameter -->
  </suite> <!-- Loan Department -->
</testng-results>
