<?xml version="1.0" encoding="UTF-8"?>
<!-- Generated by org.testng.reporters.JUnitXMLReporter -->
<testsuite ignored="3" hostname="KTLPT1516" failures="0" tests="2" name="Car Loan" time="0.016" errors="0" timestamp="2025-12-31T03:50:01 IST">
  <testcase classname="Test.Day3" name="LoginAPIcarloan" time="0.002"/>
  <testcase classname="Test.Day3" name="Weblogincarloan" time="0.003"/>
  <testcase classname="Test.Day3" name="MobilelSigncarloan" time="0.0">
    <ignored/>
  </testcase> <!-- MobilelSigncarloan -->
  <testcase classname="Test.Day3" name="MobileRegistercarloan" time="0.0">
    <ignored/>
  </testcase> <!-- MobileRegistercarloan -->
  <testcase classname="Test.Day3" name="Mobilelogincarloan" time="0.0">
    <ignored/>
  </testcase> <!-- Mobilelogincarloan -->
</testsuite> <!-- Car Loan -->
