<?xml version="1.0" encoding="UTF-8"?>
<!-- Generated by org.testng.reporters.JUnitXMLReporter -->
<testsuite ignored="0" hostname="KTLPT1516" failures="0" tests="11" name="Personal Loan" time="0.091" errors="0" timestamp="2025-12-31T03:51:29 IST">
  <testcase classname="Test.Day1" name="Demo" time="0.006"/>
  <testcase classname="Test.Day1" name="TestTwo" time="0.001"/>
  <testcase classname="Test.Day2" name="Demo" time="0.002"/>
  <testcase classname="Test.Day3" name="LoginAPIcarloan" time="0.002"/>
  <testcase classname="Test.Day3" name="MobileRegistercarloan" time="0.002"/>
  <testcase classname="Test.Day3" name="MobilelSigncarloan" time="0.001"/>
  <testcase classname="Test.Day3" name="Mobilelogincarloan" time="0.001"/>
  <testcase classname="Test.Day3" name="Weblogincarloan" time="0.002"/>
  <testcase classname="Test.Day4" name="LoginAPIHomeloan" time="0.001"/>
  <testcase classname="Test.Day4" name="MobileloginHomeloan" time="0.002"/>
  <testcase classname="Test.Day4" name="WebloginHomeloan" time="0.001"/>
</testsuite> <!-- Personal Loan -->
