<?xml version="1.0" encoding="UTF-8"?>
<!-- Generated by org.testng.reporters.JUnitXMLReporter -->
<testsuite ignored="0" hostname="KTLPT1516" failures="1" tests="5" name="Regression" time="0.069" errors="0" timestamp="2025-12-31T03:53:45 IST">
  <testcase classname="Test3.Day1" name="Demo" time="0.011"/>
  <testcase classname="Test3.Day1" name="TestTwo" time="0.007">
    <failure type="java.lang.AssertionError" message="expected [true] but found [false]">
      <![CDATA[java.lang.AssertionError: expected [true] but found [false]
at Test3.Day1.TestTwo(Day1.java:19)
at java.base/java.util.ArrayList.forEach(ArrayList.java:1604)
... Removed 29 stack frames]]>
    </failure>
  </testcase> <!-- TestTwo -->
  <testcase classname="Test3.Day2" name="Demo" time="0.002"/>
  <testcase classname="Test3.Day3" name="Weblogincarloan" time="0.001"/>
  <testcase classname="Test2.ListenerPart" name="Checkme" time="0.002"/>
</testsuite> <!-- Regression -->
