<?xml version="1.0" encoding="UTF-8"?>
<!-- Generated by org.testng.reporters.JUnitXMLReporter -->
<testsuite ignored="1" hostname="KTLPT1516" failures="0" tests="2" name="Submit Order Test" time="33.04" errors="0" timestamp="2025-12-31T04:48:04 IST">
  <testcase classname="PageObjectModel.SubOrderJson" name="submitOrder" time="13.094"/>
  <testcase classname="PageObjectModel.SubOrderJson" name="submitOrder" time="13.098"/>
  <testcase classname="PageObjectModel.SubOrderJson" name="OrderHistory" time="0.0">
    <ignored/>
  </testcase> <!-- OrderHistory -->
</testsuite> <!-- Submit Order Test -->
