<?xml version="1.0" encoding="UTF-8"?>
<!-- Generated by org.testng.reporters.JUnitReportReporter -->
<testsuite hostname="KTLPT1516" failures="0" tests="4" name="Test2.Day3" time="0.005" errors="0" timestamp="2025-12-31T03:45:02 IST" skipped="0">
  <testcase classname="Test2.Day3" name="Mobilelogincarloan" time="0.001"/>
  <testcase classname="Test2.Day3" name="Weblogincarloan" time="0.001"/>
  <testcase classname="Test2.Day3" name="MobilelSigncarloan" time="0.001"/>
  <testcase classname="Test2.Day3" name="LoginAPIcarloan" time="0.002"/>
</testsuite> <!-- Test2.Day3 -->
