<?xml version="1.0" encoding="UTF-8"?>
<!-- Generated by org.testng.reporters.JUnitReportReporter -->
<testsuite hostname="KTLPT1516" failures="0" tests="3" name="Test.Day4" time="0.004" errors="0" timestamp="2025-12-31T03:51:29 IST" skipped="0">
  <testcase classname="Test.Day4" name="WebloginHomeloan" time="0.001"/>
  <testcase classname="Test.Day4" name="LoginAPIHomeloan" time="0.001"/>
  <testcase classname="Test.Day4" name="MobileloginHomeloan" time="0.002"/>
</testsuite> <!-- Test.Day4 -->
