<?xml version="1.0" encoding="UTF-8"?>
<!-- Generated by org.testng.reporters.JUnitReportReporter -->
<testsuite hostname="KTLPT1516" failures="0" tests="7" name="Test2.Helper" time="0.024" errors="0" timestamp="2025-12-31T03:52:35 IST" skipped="1">
  <testcase classname="Test2.Helper" name="APIcarloan" time="0.001"/>
  <testcase classname="Test2.Helper" name="MobilelSigncarloan" time="0.002"/>
  <testcase classname="Test2.Helper" name="Mobilelogincarloan" time="0.001"/>
  <testcase classname="Test2.Helper" name="Weblogincarloan" time="0.002"/>
  <testcase classname="Test2.Helper" name="MobileRegistercarloan" time="0.012"/>
  <testcase classname="Test2.Helper" name="WaitForMe" time="0.006"/>
  <testcase classname="Test2.Helper" name="WantToRun">
    <skipped/>
  </testcase> <!-- WantToRun -->
</testsuite> <!-- Test2.Helper -->
