<?xml version="1.0" encoding="UTF-8"?>
<!-- Generated by org.testng.reporters.JUnitReportReporter -->
<testsuite hostname="KTLPT1516" failures="0" tests="5" name="Test.Day3" time="0.009" errors="0" timestamp="2025-12-31T03:51:29 IST" skipped="0">
  <testcase classname="Test.Day3" name="Mobilelogincarloan" time="0.001"/>
  <testcase classname="Test.Day3" name="LoginAPIcarloan" time="0.002"/>
  <testcase classname="Test.Day3" name="MobilelSigncarloan" time="0.001"/>
  <testcase classname="Test.Day3" name="MobileRegistercarloan" time="0.003"/>
  <testcase classname="Test.Day3" name="Weblogincarloan" time="0.002"/>
</testsuite> <!-- Test.Day3 -->
