<?xml version="1.0" encoding="UTF-8"?>
<!-- Generated by org.testng.reporters.JUnitReportReporter -->
<testsuite hostname="KTLPT1516" failures="0" tests="3" name="Test2.MultipleDataArray" time="0.016" errors="0" timestamp="2025-12-10T15:11:37 IST" skipped="0">
  <testcase classname="Test2.MultipleDataArray" name="UserLogin" time="0.012"/>
  <testcase classname="Test2.MultipleDataArray" name="UserLogin" time="0.003"/>
  <testcase classname="Test2.MultipleDataArray" name="UserLogin" time="0.001"/>
</testsuite> <!-- Test2.MultipleDataArray -->
