<?xml version="1.0" encoding="UTF-8"?>
<!-- Generated by org.testng.reporters.JUnitXMLReporter -->
<testsuite ignored="0" hostname="KTLPT1516" failures="0" tests="3" name="Default test" time="0.077" errors="0" timestamp="2025-12-10T15:11:37 IST">
  <testcase classname="Test2.MultipleDataArray" name="UserLogin" time="0.012"/>
  <testcase classname="Test2.MultipleDataArray" name="UserLogin" time="0.001"/>
  <testcase classname="Test2.MultipleDataArray" name="UserLogin" time="0.003"/>
</testsuite> <!-- Default test -->
